


ARM Macro Assembler    Page 1 


    1 00000000         ; En cours de traitement
    2 00000000         
    3 00000000         ;boucleFor
    4 00000000         ; i = 3
    5 00000000         
    6 00000000         ;  ldr r1, =TabSig
    7 00000000         ;  ldr r12, [r1, #(2*3)] ; r12 = x(i)
    8 00000000         ;  
    9 00000000         ;  mov r12, r12, LSL #16
   10 00000000         ;  mov r12, r12, LSR #16
   11 00000000         ;  
   12 00000000         ;  cmp i*k, #64    ; modulation de ik
   13 00000000         ;  bcc dejaModuler
   14 00000000         ;boucleWhile
   15 00000000         ;  mov ik, ik - #64
   16 00000000         ;  
   17 00000000         ;  CMP ik, #64
   18 00000000         ;  bhi boucleWhile
   19 00000000         ;  
   20 00000000         ;dejaModuler
   21 00000000         ;  ldr r1, =TabCos
   22 00000000         ;  ldr r2, [r1, #(2*ik)] ; r2 = cos[ik modulo #4]
   23 00000000         ;  
   24 00000000         ;  mov r2, r2, LSL #16
   25 00000000         ;  mov r2, r2, LSR #16
   26 00000000         ;  
   27 00000000         ;  mul r12, r2, r12
   28 00000000         ;  mov r2, r12
   29 00000000         ;  
   30 00000000         ;  add r1, #1
   31 00000000         ;  cmp r3, #64
   32 00000000         ;  bne boucleFor
                       
Command Line: --debug --xref --diag_suppress=9931 --cpu=Cortex-M3 --apcs=interw
ork --depend=.\obj\partie_réelle.d -o.\obj\partie_réelle.o -I.\RTE\_Simu -IC:\K
eil_v5\ARM\PACK\ARM\CMSIS\5.3.0\CMSIS\Include -IC:\Keil_v5\ARM\PACK\Keil\STM32F
1xx_DFP\2.2.0\Device\Include --predefine="__EVAL SETA 1" --predefine="__MICROLI
B SETA 1" --predefine="__UVISION_VERSION SETA 525" --predefine="_RTE_ SETA 1" -
-predefine="STM32F10X_MD SETA 1" --list=partie_réelle.lst Partie_Réelle.s
335 symbols in table
