


ARM Macro Assembler    Page 1 


    1 00000000         ; ce programme est pour l'assembleur RealView (Keil)
    2 00000000                 thumb
    3 00000000                 area             moncode, code, readonly
    4 00000000                 export           subtest
    5 00000000         ;
    6 00000000         subtest proc
    7 00000000 B500            push             {lr}
    8 00000002 F7FF FFFE       bl               subtest2
    9 00000006         
   10 00000006         
   11 00000006 BD00            pop              {pc}
   12 00000008                 endp
   13 00000008         ;
   14 00000008         
   15 00000008         ; rend le cube sur 32 bits
   16 00000008         subtest2
                               proc
   17 00000008 FB00 F300       mul              r3, r0, r0
   18 0000000C FB03 F000       mul              r0, r3, r0
   19 00000010 4770            bx               lr
   20 00000012                 endp
   21 00000012                 end
Command Line: --debug --xref --diag_suppress=9931 --cpu=Cortex-M3 --apcs=interw
ork --depend=.\obj\td_sub.d -o.\obj\td_sub.o -I.\RTE\_Simu -IC:\Keil_v5\ARM\PAC
K\ARM\CMSIS\5.3.0\CMSIS\Include -IC:\Keil_v5\ARM\PACK\Keil\STM32F1xx_DFP\2.2.0\
Device\Include --predefine="__EVAL SETA 1" --predefine="__MICROLIB SETA 1" --pr
edefine="__UVISION_VERSION SETA 525" --predefine="_RTE_ SETA 1" --predefine="ST
M32F10X_MD SETA 1" --list=td_sub.lst U:\3MIC\TD_M2_02\td_sub.s



ARM Macro Assembler    Page 1 Alphabetic symbol ordering
Relocatable symbols

moncode 00000000

Symbol: moncode
   Definitions
      At line 3 in file U:\3MIC\TD_M2_02\td_sub.s
   Uses
      None
Comment: moncode unused
subtest 00000000

Symbol: subtest
   Definitions
      At line 6 in file U:\3MIC\TD_M2_02\td_sub.s
   Uses
      At line 4 in file U:\3MIC\TD_M2_02\td_sub.s
Comment: subtest used once
subtest2 00000008

Symbol: subtest2
   Definitions
      At line 16 in file U:\3MIC\TD_M2_02\td_sub.s
   Uses
      At line 8 in file U:\3MIC\TD_M2_02\td_sub.s
Comment: subtest2 used once
3 symbols
338 symbols in table
